<?xml version="1.0" encoding="UTF-8"?>
<testng-results skipped="0" failed="0" ignored="0" total="1" passed="1">
  <reporter-output>
  </reporter-output>
  <suite name="Web Suite" duration-ms="1496846" started-at="2020-02-17T12:46:58 EET" finished-at="2020-02-17T13:11:55 EET">
    <groups>
    </groups>
    <test name="Web Tests" duration-ms="1496846" started-at="2020-02-17T12:46:58 EET" finished-at="2020-02-17T13:11:55 EET">
      <class name="tests.RegressionTestSuite.TC_Regression_001_Phase_1">
        <test-method status="PASS" signature="beforeSuite()[pri:0, instance:tests.RegressionTestSuite.TC_Regression_001_Phase_1@25af5db5]" name="beforeSuite" is-config="true" duration-ms="200" started-at="2020-02-17T12:46:58 EET" finished-at="2020-02-17T12:46:58 EET">
          <reporter-output>
          </reporter-output>
        </test-method> <!-- beforeSuite -->
        <test-method status="PASS" signature="beforeClass()[pri:0, instance:tests.RegressionTestSuite.TC_Regression_001_Phase_1@25af5db5]" name="beforeClass" is-config="true" duration-ms="0" started-at="2020-02-17T12:46:58 EET" finished-at="2020-02-17T12:46:58 EET">
          <reporter-output>
          </reporter-output>
        </test-method> <!-- beforeClass -->
        <test-method status="PASS" signature="beforeMethod(java.lang.reflect.Method)[pri:0, instance:tests.RegressionTestSuite.TC_Regression_001_Phase_1@25af5db5]" name="beforeMethod" is-config="true" duration-ms="11448" started-at="2020-02-17T12:46:58 EET" finished-at="2020-02-17T12:47:10 EET">
          <params>
            <param index="0">
              <value>
                <![CDATA[public void tests.RegressionTestSuite.TC_Regression_001_Phase_1.TC_Regression_001_Phase_1() throws java.lang.Throwable]]>
              </value>
            </param>
          </params>
          <reporter-output>
          </reporter-output>
        </test-method> <!-- beforeMethod -->
        <test-method status="PASS" signature="TC_Regression_001_Phase_1()[pri:0, instance:tests.RegressionTestSuite.TC_Regression_001_Phase_1@25af5db5]" name="TC_Regression_001_Phase_1" duration-ms="1484605" started-at="2020-02-17T12:47:10 EET" finished-at="2020-02-17T13:11:54 EET">
          <reporter-output>
          </reporter-output>
        </test-method> <!-- TC_Regression_001_Phase_1 -->
        <test-method status="PASS" signature="tearDown(org.testng.ITestResult)[pri:0, instance:tests.RegressionTestSuite.TC_Regression_001_Phase_1@25af5db5]" name="tearDown" is-config="true" duration-ms="0" started-at="2020-02-17T13:11:54 EET" finished-at="2020-02-17T13:11:54 EET">
          <params>
            <param index="0">
              <value>
                <![CDATA[[TestResult name=TC_Regression_001_Phase_1 status=SUCCESS method=TC_Regression_001_Phase_1.TC_Regression_001_Phase_1()[pri:0, instance:tests.RegressionTestSuite.TC_Regression_001_Phase_1@25af5db5] output={null}]]]>
              </value>
            </param>
          </params>
          <reporter-output>
          </reporter-output>
        </test-method> <!-- tearDown -->
        <test-method status="PASS" signature="afterClass()[pri:0, instance:tests.RegressionTestSuite.TC_Regression_001_Phase_1@25af5db5]" name="afterClass" is-config="true" duration-ms="756" started-at="2020-02-17T13:11:54 EET" finished-at="2020-02-17T13:11:55 EET">
          <reporter-output>
          </reporter-output>
        </test-method> <!-- afterClass -->
        <test-method status="PASS" signature="afterSuite()[pri:0, instance:tests.RegressionTestSuite.TC_Regression_001_Phase_1@25af5db5]" name="afterSuite" is-config="true" duration-ms="326" started-at="2020-02-17T13:11:55 EET" finished-at="2020-02-17T13:11:55 EET">
          <reporter-output>
          </reporter-output>
        </test-method> <!-- afterSuite -->
      </class> <!-- tests.RegressionTestSuite.TC_Regression_001_Phase_1 -->
    </test> <!-- Web Tests -->
  </suite> <!-- Web Suite -->
</testng-results>
